[2024-03-02T18:52:17.522+0000] {taskinstance.py:1956} INFO - Dependencies all met for dep_context=non-requeueable deps ti=<TaskInstance: fetch_ncei_data.download_html_data scheduled__2024-01-10T00:00:00+00:00 [queued]>
[2024-03-02T18:52:17.539+0000] {taskinstance.py:1956} INFO - Dependencies all met for dep_context=requeueable deps ti=<TaskInstance: fetch_ncei_data.download_html_data scheduled__2024-01-10T00:00:00+00:00 [queued]>
[2024-03-02T18:52:17.540+0000] {taskinstance.py:2170} INFO - Starting attempt 1 of 2
[2024-03-02T18:52:17.679+0000] {taskinstance.py:2191} INFO - Executing <Task(BashOperator): download_html_data> on 2024-01-10 00:00:00+00:00
[2024-03-02T18:52:17.685+0000] {standard_task_runner.py:60} INFO - Started process 204 to run task
[2024-03-02T18:52:17.687+0000] {standard_task_runner.py:87} INFO - Running: ['airflow', 'tasks', 'run', 'fetch_ncei_data', 'download_html_data', 'scheduled__2024-01-10T00:00:00+00:00', '--job-id', '21', '--raw', '--subdir', 'DAGS_FOLDER/hi.py', '--cfg-path', '/tmp/tmpv1tl0x4f']
[2024-03-02T18:52:17.689+0000] {standard_task_runner.py:88} INFO - Job 21: Subtask download_html_data
[2024-03-02T18:52:17.875+0000] {task_command.py:423} INFO - Running <TaskInstance: fetch_ncei_data.download_html_data scheduled__2024-01-10T00:00:00+00:00 [running]> on host a890577b40a7
[2024-03-02T18:52:18.214+0000] {taskinstance.py:2480} INFO - Exporting env vars: AIRFLOW_CTX_DAG_OWNER='admin' AIRFLOW_CTX_DAG_ID='fetch_ncei_data' AIRFLOW_CTX_TASK_ID='download_html_data' AIRFLOW_CTX_EXECUTION_DATE='2024-01-10T00:00:00+00:00' AIRFLOW_CTX_TRY_NUMBER='1' AIRFLOW_CTX_DAG_RUN_ID='scheduled__2024-01-10T00:00:00+00:00'
[2024-03-02T18:52:18.215+0000] {subprocess.py:63} INFO - Tmp dir root location: /tmp
[2024-03-02T18:52:18.217+0000] {subprocess.py:75} INFO - Running command: ['/usr/bin/bash', '-c', "curl {{ dag_run.conf.get('base_url', params.base_url) }}2001/ --create-dirs -o /tmp/html/2001.html"]
[2024-03-02T18:52:18.226+0000] {subprocess.py:86} INFO - Output:
[2024-03-02T18:52:18.228+0000] {subprocess.py:93} INFO - /usr/bin/bash: -c: line 1: syntax error near unexpected token `('
[2024-03-02T18:52:18.228+0000] {subprocess.py:93} INFO - /usr/bin/bash: -c: line 1: `curl {{ dag_run.conf.get('base_url', params.base_url) }}2001/ --create-dirs -o /tmp/html/2001.html'
[2024-03-02T18:52:18.229+0000] {subprocess.py:97} INFO - Command exited with return code 2
[2024-03-02T18:52:18.242+0000] {taskinstance.py:2698} ERROR - Task failed with exception
Traceback (most recent call last):
  File "/home/airflow/.local/lib/python3.8/site-packages/airflow/models/taskinstance.py", line 433, in _execute_task
    result = execute_callable(context=context, **execute_callable_kwargs)
  File "/home/airflow/.local/lib/python3.8/site-packages/airflow/operators/bash.py", line 212, in execute
    raise AirflowException(
airflow.exceptions.AirflowException: Bash command failed. The command returned a non-zero exit code 2.
[2024-03-02T18:52:18.247+0000] {taskinstance.py:1138} INFO - Marking task as UP_FOR_RETRY. dag_id=fetch_ncei_data, task_id=download_html_data, execution_date=20240110T000000, start_date=20240302T185217, end_date=20240302T185218
[2024-03-02T18:52:18.381+0000] {standard_task_runner.py:107} ERROR - Failed to execute job 21 for task download_html_data (Bash command failed. The command returned a non-zero exit code 2.; 204)
[2024-03-02T18:52:18.425+0000] {local_task_job_runner.py:234} INFO - Task exited with return code 1
[2024-03-02T18:52:18.459+0000] {taskinstance.py:3280} INFO - 0 downstream tasks scheduled from follow-on schedule check
